<?xml version="1.0" encoding="UTF-8"?>
<!-- Generated by org.testng.reporters.JUnitReportReporter -->
<testsuite hostname="DESKTOP-6EBQTBM" failures="0" tests="5" name="TestNgAssertions.Soft_Assertion" time="4.852" errors="0" timestamp="2024-05-10T19:35:56 IST" skipped="0">
  <testcase classname="TestNgAssertions.Soft_Assertion" name="enterusername" time="0.661"/>
  <system-out/>
  <testcase classname="TestNgAssertions.Soft_Assertion" name="enterpassword" time="0.180"/>
  <system-out/>
  <testcase classname="TestNgAssertions.Soft_Assertion" name="click" time="1.516"/>
  <system-out/>
  <testcase classname="TestNgAssertions.Soft_Assertion" name="Verifyadmintab" time="0.587"/>
  <system-out/>
  <testcase classname="TestNgAssertions.Soft_Assertion" name="Clickonadmin" time="1.908"/>
  <system-out/>
</testsuite> <!-- TestNgAssertions.Soft_Assertion -->
