<?xml version="1.0" encoding="UTF-8"?>
<!-- Generated by org.testng.reporters.JUnitReportReporter -->
<testsuite hostname="DESKTOP-6EBQTBM" failures="0" tests="5" name="TestNgScreenshot.Screenshot" time="5.667" errors="0" timestamp="2024-05-20T14:54:09 IST" skipped="0">
  <testcase classname="TestNgScreenshot.Screenshot" name="enterusername" time="0.985"/>
  <system-out/>
  <testcase classname="TestNgScreenshot.Screenshot" name="enterpassword" time="0.185"/>
  <system-out/>
  <testcase classname="TestNgScreenshot.Screenshot" name="click" time="2.483"/>
  <system-out/>
  <testcase classname="TestNgScreenshot.Screenshot" name="Verifyadmintab" time="0.592"/>
  <system-out/>
  <testcase classname="TestNgScreenshot.Screenshot" name="Clickonadmin" time="1.422"/>
  <system-out/>
</testsuite> <!-- TestNgScreenshot.Screenshot -->
