<?xml version="1.0" encoding="UTF-8"?>
<!-- Generated by org.testng.reporters.JUnitReportReporter -->
<testsuite hostname="DESKTOP-6EBQTBM" failures="0" tests="5" name="TestNg.TC_1_VerifyAdmintab_Onedge" time="4.553" errors="0" timestamp="2024-05-09T21:57:25 IST" skipped="0">
  <testcase classname="TestNg.TC_1_VerifyAdmintab_Onedge" name="enterusername" time="0.905"/>
  <system-out/>
  <testcase classname="TestNg.TC_1_VerifyAdmintab_Onedge" name="enterpassword" time="0.162"/>
  <system-out/>
  <testcase classname="TestNg.TC_1_VerifyAdmintab_Onedge" name="click" time="1.549"/>
  <system-out/>
  <testcase classname="TestNg.TC_1_VerifyAdmintab_Onedge" name="Verifyadmintab" time="0.613"/>
  <system-out/>
  <testcase classname="TestNg.TC_1_VerifyAdmintab_Onedge" name="Clickonadmin" time="1.324"/>
  <system-out/>
</testsuite> <!-- TestNg.TC_1_VerifyAdmintab_Onedge -->
