<?xml version="1.0" encoding="UTF-8"?>
<!-- Generated by org.testng.reporters.JUnitReportReporter -->
<testsuite hostname="DESKTOP-6EBQTBM" failures="0" tests="5" name="TestNg.TC_1_VerifyAdmintab_Timeout" time="5.672" errors="0" timestamp="2024-05-10T17:36:54 IST" skipped="0">
  <testcase classname="TestNg.TC_1_VerifyAdmintab_Timeout" name="enterusername" time="1.004"/>
  <system-out/>
  <testcase classname="TestNg.TC_1_VerifyAdmintab_Timeout" name="enterpassword" time="0.178"/>
  <system-out/>
  <testcase classname="TestNg.TC_1_VerifyAdmintab_Timeout" name="click" time="2.069"/>
  <system-out/>
  <testcase classname="TestNg.TC_1_VerifyAdmintab_Timeout" name="Verifyadmintab" time="0.673"/>
  <system-out/>
  <testcase classname="TestNg.TC_1_VerifyAdmintab_Timeout" name="Clickonadmin" time="1.748"/>
  <system-out/>
</testsuite> <!-- TestNg.TC_1_VerifyAdmintab_Timeout -->
