<?xml version="1.0" encoding="UTF-8"?>
<!-- Generated by org.testng.reporters.JUnitReportReporter -->
<testsuite hostname="DESKTOP-6EBQTBM" failures="0" tests="5" name="TestNg.TC_1_VerifyAdmintab_dependsonmethod" time="4.552" errors="0" timestamp="2024-05-10T18:33:53 IST" skipped="0">
  <testcase classname="TestNg.TC_1_VerifyAdmintab_dependsonmethod" name="enterpassword" time="0.195"/>
  <system-out/>
  <testcase classname="TestNg.TC_1_VerifyAdmintab_dependsonmethod" name="enterusername" time="0.576"/>
  <system-out/>
  <testcase classname="TestNg.TC_1_VerifyAdmintab_dependsonmethod" name="click" time="1.521"/>
  <system-out/>
  <testcase classname="TestNg.TC_1_VerifyAdmintab_dependsonmethod" name="Verifyadmintab" time="0.607"/>
  <system-out/>
  <testcase classname="TestNg.TC_1_VerifyAdmintab_dependsonmethod" name="Clickonadmin" time="1.653"/>
  <system-out/>
</testsuite> <!-- TestNg.TC_1_VerifyAdmintab_dependsonmethod -->
